work_space_adminstration/build/app/outputs/mapping/release/seeds.txt
com.example.work_space_adminstration.MainActivity
com.example.work_space_adminstration.MainActivity: MainActivity()
...
io.flutter.plugin.editing.ImeSyncDeferringInsetsCallback: android.view.View view
com.dexterous.flutterlocalnotifications.ScheduledNotificationReceiver
androidx.lifecycle.ReportFragment$LifecycleCallbacks: void onActivityPostStarted(android.app.Activity)
io.flutter.embedding.engine.FlutterJNI: void onDisplayPlatformView(int,int,int,int,int,int,int,io.flutter.embedding.engine.mutatorsstack.FlutterMutatorsStack)
com.dexterous.flutterlocalnotifications.models.NotificationDetails: java.lang.String HTML_FORMAT_CONTENT_TITLE
com.dexterous.flutterlocalnotifications.FlutterLocalNotificationsPlugin: java.lang.String getNextFireDate(com.dexterous.flutterlocalnotifications.models.NotificationDetails)
io.flutter.embedding.engine.FlutterJNI: java.util.Set engineLifecycleListeners
com.google.firebase.analytics.connector.internal.AnalyticsConnectorRegistrar
com.dexterous.flutterlocalnotifications.FlutterLocalNotificationsPlugin: boolean hasInvalidLedDetails(io.flutter.plugin.common.MethodChannel$Result,com.dexterous.flutterlocalnotifications.models.NotificationDetails)
io.flutter.embedding.android.FlutterSplashView$SavedState: android.os.Bundle splashScreenState
androidx.lifecycle.ReportFragment$LifecycleCallbacks: void onActivityDestroyed(android.app.Activity)
com.dexterous.flutterlocalnotifications.models.NotificationChannelGroupDetails: java.lang.String id
com.dexterous.flutterlocalnotifications.models.NotificationDetails: java.lang.String GROUP_ALERT_BEHAVIOR
com.dexterous.flutterlocalnotifications.models.styles.BigTextStyleInformation: java.lang.String contentTitle
io.flutter.embedding.engine.FlutterJNI: io.flutter.embedding.engine.FlutterJNI$AccessibilityDelegate accessibilityDelegate
android.support.v4.media.AudioAttributesImplBaseParcelizer: androidx.media.AudioAttributesImplBase read(androidx.versionedparcelable.VersionedParcel)
androidx.lifecycle.Lifecycle$Event: androidx.lifecycle.Lifecycle$Event ON_START
com.dexterous.flutterlocalnotifications.FlutterLocalNotificationsPlugin: android.graphics.Bitmap getBitmapFromSource(android.content.Context,java.lang.Object,com.dexterous.flutterlocalnotifications.models.BitmapSource)
io.flutter.plugin.editing.ImeSyncDeferringInsetsCallback
com.google.android.gms.internal.measurement.zzgo
io.flutter.plugins.firebase.core.FlutterFirebasePluginRegistry: void registerPlugin(java.lang.String,io.flutter.plugins.firebase.core.FlutterFirebasePlugin)
com.dexterous.flutterlocalnotifications.models.NotificationDetails: java.lang.String COLOR_GREEN
com.google.android.gms.maps.model.MarkerOptions: android.os.Parcelable$Creator CREATOR
com.dexterous.flutterlocalnotifications.models.NotificationDetails: java.lang.String LED_COLOR_BLUE
com.google.android.gms.internal.measurement.zzfs: java.lang.String zzg
android.support.v4.app.RemoteActionCompatParcelizer: void write(androidx.core.app.RemoteActionCompat,androidx.versionedparcelable.VersionedParcel)
com.google.android.gms.internal.measurement.zzjx: int zzd
com.dexterous.flutterlocalnotifications.models.styles.BigPictureStyleInformation: java.lang.String summaryText
com.dexterous.flutterlocalnotifications.models.NotificationDetails: java.lang.String SHORTCUT_ID
androidx.media.AudioAttributesImplApi26
com.dexterous.flutterlocalnotifications.models.NotificationDetails: java.lang.String TIMESTAMP
io.flutter.embedding.engine.FlutterJNI: void nativeSetAccessibilityFeatures(long,int)
com.dexterous.flutterlocalnotifications.FlutterLocalNotificationsPlugin: java.lang.String SHOW_WEEKLY_AT_DAY_AND_TIME_METHOD
com.dexterous.flutterlocalnotifications.models.styles.StyleInformation: StyleInformation()
com.dexterous.flutterlocalnotifications.models.Time: java.lang.String SECOND
androidx.lifecycle.Lifecycle$Event: androidx.lifecycle.Lifecycle$Event ON_CREATE
android.support.v4.media.RatingCompat: android.os.Parcelable$Creator CREATOR
com.google.android.gms.measurement.internal.zzab: android.os.Parcelable$Creator CREATOR